D:\UAV_SPIDER\尝试\20200106UAV_SPIDER\UAV_SPIDER\DEBUG\UAV_SPIDER.EXE
D:\UAV_Spider\尝试\20200106UAV_Spider\UAV_Spider\Debug\UAV_Spider.exp
D:\UAV_SPIDER\尝试\20200106UAV_SPIDER\UAV_SPIDER\DEBUG\UAV_SPIDER.ILK
D:\UAV_Spider\尝试\20200106UAV_Spider\UAV_Spider\Debug\UAV_Spider.lib
D:\UAV_SPIDER\尝试\20200106UAV_SPIDER\UAV_SPIDER\DEBUG\UAV_SPIDER.PDB
D:\UAV_SPIDER\尝试\20200106UAV_SPIDER\UAV_SPIDER\UAV_SPIDER\DEBUG\BING_TILESYSTEM.OBJ
D:\UAV_SPIDER\尝试\20200106UAV_SPIDER\UAV_SPIDER\UAV_SPIDER\DEBUG\BUTTONDLG.OBJ
D:\UAV_Spider\尝试\20200106UAV_Spider\UAV_Spider\UAV_Spider\Debug\cl.command.1.tlog
D:\UAV_Spider\尝试\20200106UAV_Spider\UAV_Spider\UAV_Spider\Debug\CL.read.1.tlog
D:\UAV_Spider\尝试\20200106UAV_Spider\UAV_Spider\UAV_Spider\Debug\CL.write.1.tlog
D:\UAV_SPIDER\尝试\20200106UAV_SPIDER\UAV_SPIDER\UAV_SPIDER\DEBUG\CTCPSOCK.OBJ
D:\UAV_SPIDER\尝试\20200106UAV_SPIDER\UAV_SPIDER\UAV_SPIDER\DEBUG\CVVIMAGE.OBJ
D:\UAV_SPIDER\尝试\20200106UAV_SPIDER\UAV_SPIDER\UAV_SPIDER\DEBUG\DETECTCTRLPANE.OBJ
D:\UAV_SPIDER\尝试\20200106UAV_SPIDER\UAV_SPIDER\UAV_SPIDER\DEBUG\DETECTREPORTPANE.OBJ
D:\UAV_SPIDER\尝试\20200106UAV_SPIDER\UAV_SPIDER\UAV_SPIDER\DEBUG\DLGDETECTCTRL.OBJ
D:\UAV_SPIDER\尝试\20200106UAV_SPIDER\UAV_SPIDER\UAV_SPIDER\DEBUG\DLGOPLOG.OBJ
D:\UAV_SPIDER\尝试\20200106UAV_SPIDER\UAV_SPIDER\UAV_SPIDER\DEBUG\DLGTOOLBAR.OBJ
D:\UAV_SPIDER\尝试\20200106UAV_SPIDER\UAV_SPIDER\UAV_SPIDER\DEBUG\DLGTRAPCTRL.OBJ
D:\UAV_SPIDER\尝试\20200106UAV_SPIDER\UAV_SPIDER\UAV_SPIDER\DEBUG\ILEDROUNDX_DETECT.OBJ
D:\UAV_Spider\尝试\20200106UAV_Spider\UAV_Spider\UAV_Spider\Debug\link.1456.read.1.tlog
D:\UAV_Spider\尝试\20200106UAV_Spider\UAV_Spider\UAV_Spider\Debug\link.1456.write.1.tlog
D:\UAV_Spider\尝试\20200106UAV_Spider\UAV_Spider\UAV_Spider\Debug\link.1456-cvtres.read.1.tlog
D:\UAV_Spider\尝试\20200106UAV_Spider\UAV_Spider\UAV_Spider\Debug\link.1456-cvtres.write.1.tlog
D:\UAV_Spider\尝试\20200106UAV_Spider\UAV_Spider\UAV_Spider\Debug\link.16376.read.1.tlog
D:\UAV_Spider\尝试\20200106UAV_Spider\UAV_Spider\UAV_Spider\Debug\link.16376.write.1.tlog
D:\UAV_Spider\尝试\20200106UAV_Spider\UAV_Spider\UAV_Spider\Debug\link.16376-cvtres.read.1.tlog
D:\UAV_Spider\尝试\20200106UAV_Spider\UAV_Spider\UAV_Spider\Debug\link.16376-cvtres.write.1.tlog
D:\UAV_Spider\尝试\20200106UAV_Spider\UAV_Spider\UAV_Spider\Debug\link.17708.read.1.tlog
D:\UAV_Spider\尝试\20200106UAV_Spider\UAV_Spider\UAV_Spider\Debug\link.17708.write.1.tlog
D:\UAV_Spider\尝试\20200106UAV_Spider\UAV_Spider\UAV_Spider\Debug\link.17708-cvtres.read.1.tlog
D:\UAV_Spider\尝试\20200106UAV_Spider\UAV_Spider\UAV_Spider\Debug\link.17708-cvtres.write.1.tlog
D:\UAV_Spider\尝试\20200106UAV_Spider\UAV_Spider\UAV_Spider\Debug\link.20536.read.1.tlog
D:\UAV_Spider\尝试\20200106UAV_Spider\UAV_Spider\UAV_Spider\Debug\link.20536.write.1.tlog
D:\UAV_Spider\尝试\20200106UAV_Spider\UAV_Spider\UAV_Spider\Debug\link.20536-cvtres.read.1.tlog
D:\UAV_Spider\尝试\20200106UAV_Spider\UAV_Spider\UAV_Spider\Debug\link.20536-cvtres.write.1.tlog
D:\UAV_Spider\尝试\20200106UAV_Spider\UAV_Spider\UAV_Spider\Debug\link.22268.read.1.tlog
D:\UAV_Spider\尝试\20200106UAV_Spider\UAV_Spider\UAV_Spider\Debug\link.22268.write.1.tlog
D:\UAV_Spider\尝试\20200106UAV_Spider\UAV_Spider\UAV_Spider\Debug\link.22268-cvtres.read.1.tlog
D:\UAV_Spider\尝试\20200106UAV_Spider\UAV_Spider\UAV_Spider\Debug\link.22268-cvtres.write.1.tlog
D:\UAV_Spider\尝试\20200106UAV_Spider\UAV_Spider\UAV_Spider\Debug\link.5260.read.1.tlog
D:\UAV_Spider\尝试\20200106UAV_Spider\UAV_Spider\UAV_Spider\Debug\link.5260.write.1.tlog
D:\UAV_Spider\尝试\20200106UAV_Spider\UAV_Spider\UAV_Spider\Debug\link.5260-cvtres.read.1.tlog
D:\UAV_Spider\尝试\20200106UAV_Spider\UAV_Spider\UAV_Spider\Debug\link.5260-cvtres.write.1.tlog
D:\UAV_Spider\尝试\20200106UAV_Spider\UAV_Spider\UAV_Spider\Debug\link.command.1.tlog
D:\UAV_Spider\尝试\20200106UAV_Spider\UAV_Spider\UAV_Spider\Debug\link.read.1.tlog
D:\UAV_Spider\尝试\20200106UAV_Spider\UAV_Spider\UAV_Spider\Debug\link.write.1.tlog
D:\UAV_Spider\尝试\20200106UAV_Spider\UAV_Spider\UAV_Spider\Debug\link-cvtres.read.1.tlog
D:\UAV_Spider\尝试\20200106UAV_Spider\UAV_Spider\UAV_Spider\Debug\link-cvtres.write.1.tlog
D:\UAV_SPIDER\尝试\20200106UAV_SPIDER\UAV_SPIDER\UAV_SPIDER\DEBUG\MAINFRM.OBJ
D:\UAV_SPIDER\尝试\20200106UAV_SPIDER\UAV_SPIDER\UAV_SPIDER\DEBUG\MAP_MAPWINGIS.OBJ
D:\UAV_Spider\尝试\20200106UAV_Spider\UAV_Spider\UAV_Spider\Debug\mapwingis.tlh
D:\UAV_Spider\尝试\20200106UAV_Spider\UAV_Spider\UAV_Spider\Debug\mapwingis.tli
D:\UAV_Spider\尝试\20200106UAV_Spider\UAV_Spider\UAV_Spider\Debug\mt.command.1.tlog
D:\UAV_Spider\尝试\20200106UAV_Spider\UAV_Spider\UAV_Spider\Debug\mt.read.1.tlog
D:\UAV_Spider\尝试\20200106UAV_Spider\UAV_Spider\UAV_Spider\Debug\mt.write.1.tlog
D:\UAV_SPIDER\尝试\20200106UAV_SPIDER\UAV_SPIDER\UAV_SPIDER\DEBUG\MYBTN.OBJ
D:\UAV_SPIDER\尝试\20200106UAV_SPIDER\UAV_SPIDER\UAV_SPIDER\DEBUG\OPLOGPANE.OBJ
D:\UAV_Spider\尝试\20200106UAV_Spider\UAV_Spider\UAV_Spider\Debug\rc.command.1.tlog
D:\UAV_Spider\尝试\20200106UAV_Spider\UAV_Spider\UAV_Spider\Debug\rc.read.1.tlog
D:\UAV_Spider\尝试\20200106UAV_Spider\UAV_Spider\UAV_Spider\Debug\rc.write.1.tlog
D:\UAV_SPIDER\尝试\20200106UAV_SPIDER\UAV_SPIDER\UAV_SPIDER\DEBUG\STDAFX.OBJ
D:\UAV_SPIDER\尝试\20200106UAV_SPIDER\UAV_SPIDER\UAV_SPIDER\DEBUG\TOOLBARPANE.OBJ
D:\UAV_SPIDER\尝试\20200106UAV_SPIDER\UAV_SPIDER\UAV_SPIDER\DEBUG\TRAPCTRLPANE.OBJ
D:\UAV_SPIDER\尝试\20200106UAV_SPIDER\UAV_SPIDER\UAV_SPIDER\DEBUG\TRAPREPORTPANE.OBJ
D:\UAV_SPIDER\尝试\20200106UAV_SPIDER\UAV_SPIDER\UAV_SPIDER\DEBUG\U_STATICTIME.OBJ
D:\UAV_SPIDER\尝试\20200106UAV_SPIDER\UAV_SPIDER\UAV_SPIDER\DEBUG\UAV_SPIDER.EXE.EMBED.MANIFEST
D:\UAV_SPIDER\尝试\20200106UAV_SPIDER\UAV_SPIDER\UAV_SPIDER\DEBUG\UAV_SPIDER.EXE.EMBED.MANIFEST.RES
D:\UAV_SPIDER\尝试\20200106UAV_SPIDER\UAV_SPIDER\UAV_SPIDER\DEBUG\UAV_SPIDER.EXE.INTERMEDIATE.MANIFEST
D:\UAV_SPIDER\尝试\20200106UAV_SPIDER\UAV_SPIDER\UAV_SPIDER\DEBUG\UAV_SPIDER.OBJ
D:\UAV_SPIDER\尝试\20200106UAV_SPIDER\UAV_SPIDER\UAV_SPIDER\DEBUG\UAV_SPIDER.PCH
D:\UAV_SPIDER\尝试\20200106UAV_SPIDER\UAV_SPIDER\UAV_SPIDER\DEBUG\UAV_SPIDER.RES
D:\UAV_Spider\尝试\20200106UAV_Spider\UAV_Spider\UAV_Spider\Debug\UAV_Spider.vcxprojResolveAssemblyReference.cache
D:\UAV_Spider\尝试\20200106UAV_Spider\UAV_Spider\UAV_Spider\Debug\UAV_Spider.write.1.tlog
D:\UAV_Spider\尝试\20200106UAV_Spider\UAV_Spider\UAV_Spider\Debug\UAV_Spider_manifest.rc
D:\UAV_SPIDER\尝试\20200106UAV_SPIDER\UAV_SPIDER\UAV_SPIDER\DEBUG\UAV_SPIDERDOC.OBJ
D:\UAV_SPIDER\尝试\20200106UAV_SPIDER\UAV_SPIDER\UAV_SPIDER\DEBUG\UAV_SPIDERVIEW.OBJ
D:\UAV_Spider\尝试\20200106UAV_Spider\UAV_Spider\UAV_Spider\Debug\vc100.idb
D:\UAV_SPIDER\尝试\20200106UAV_SPIDER\UAV_SPIDER\UAV_SPIDER\DEBUG\VC100.PDB
